[debug] [2023-02-01T10:13:28.268Z] ----------------------------------------------------------------------
[debug] [2023-02-01T10:13:28.270Z] Command:       C:\Program Files\nodejs\node.exe C:\Users\Ayush Kashyap\AppData\Roaming\npm\node_modules\firebase-tools\lib\bin\firebase.js init
[debug] [2023-02-01T10:13:28.271Z] CLI Version:   11.22.0
[debug] [2023-02-01T10:13:28.271Z] Platform:      win32
[debug] [2023-02-01T10:13:28.271Z] Node Version:  v18.13.0
[debug] [2023-02-01T10:13:28.272Z] Time:          Wed Feb 01 2023 15:43:28 GMT+0530 (India Standard Time)
[debug] [2023-02-01T10:13:28.272Z] ----------------------------------------------------------------------
[debug] 
[debug] [2023-02-01T10:13:28.350Z] > command requires scopes: ["email","openid","https://www.googleapis.com/auth/cloudplatformprojects.readonly","https://www.googleapis.com/auth/firebase","https://www.googleapis.com/auth/cloud-platform"]
[debug] [2023-02-01T10:13:28.351Z] > authorizing via signed-in user (a8340778815@gmail.com)
[info] 
     ######## #### ########  ######## ########     ###     ######  ########
     ##        ##  ##     ## ##       ##     ##  ##   ##  ##       ##
     ######    ##  ########  ######   ########  #########  ######  ######
     ##        ##  ##    ##  ##       ##     ## ##     ##       ## ##
     ##       #### ##     ## ######## ########  ##     ##  ######  ########

You're about to initialize a Firebase project in this directory:

  C:\Users\Ayush Kashyap\Desktop\portfolio

Before we get started, keep in mind:

  * You are initializing within an existing Firebase project directory

[info] 
=== Project Setup
[info] 
[info] First, let's associate this project directory with a Firebase project.
[info] You can create multiple project aliases by running firebase use --add, 
[info] but for now we'll just set up a default project.
[info] 
[debug] [2023-02-01T10:14:48.332Z] Using project from CLI flag: suniltechtips-ec3bb
[debug] [2023-02-01T10:14:48.337Z] >>> [apiv2][query] GET https://firebase.googleapis.com/v1beta1/projects/suniltechtips-ec3bb [none]
[debug] [2023-02-01T10:14:49.283Z] <<< [apiv2][status] GET https://firebase.googleapis.com/v1beta1/projects/suniltechtips-ec3bb 403
[debug] [2023-02-01T10:14:49.283Z] <<< [apiv2][body] GET https://firebase.googleapis.com/v1beta1/projects/suniltechtips-ec3bb {"error":{"code":403,"message":"The caller does not have permission","status":"PERMISSION_DENIED"}}
[debug] [2023-02-01T10:14:49.284Z] HTTP Error: 403, The caller does not have permission
[debug] [2023-02-01T10:14:49.524Z] FirebaseError: HTTP Error: 403, The caller does not have permission
    at responseToError (C:\Users\Ayush Kashyap\AppData\Roaming\npm\node_modules\firebase-tools\lib\responseToError.js:49:12)
    at RetryOperation._fn (C:\Users\Ayush Kashyap\AppData\Roaming\npm\node_modules\firebase-tools\lib\apiv2.js:288:77)
    at process.processTicksAndRejections (node:internal/process/task_queues:95:5)
[error] 
[error] Error: Failed to get Firebase project suniltechtips-ec3bb. Please make sure the project exists and your account has permission to access it.
[debug] [2023-02-01T10:15:03.147Z] ----------------------------------------------------------------------
[debug] [2023-02-01T10:15:03.151Z] Command:       C:\Program Files\nodejs\node.exe C:\Users\Ayush Kashyap\AppData\Roaming\npm\node_modules\firebase-tools\lib\bin\firebase.js init
[debug] [2023-02-01T10:15:03.152Z] CLI Version:   11.22.0
[debug] [2023-02-01T10:15:03.153Z] Platform:      win32
[debug] [2023-02-01T10:15:03.153Z] Node Version:  v18.13.0
[debug] [2023-02-01T10:15:03.155Z] Time:          Wed Feb 01 2023 15:45:03 GMT+0530 (India Standard Time)
[debug] [2023-02-01T10:15:03.156Z] ----------------------------------------------------------------------
[debug] 
[debug] [2023-02-01T10:15:03.247Z] > command requires scopes: ["email","openid","https://www.googleapis.com/auth/cloudplatformprojects.readonly","https://www.googleapis.com/auth/firebase","https://www.googleapis.com/auth/cloud-platform"]
[debug] [2023-02-01T10:15:03.248Z] > authorizing via signed-in user (a8340778815@gmail.com)
[info] 
     ######## #### ########  ######## ########     ###     ######  ########
     ##        ##  ##     ## ##       ##     ##  ##   ##  ##       ##
     ######    ##  ########  ######   ########  #########  ######  ######
     ##        ##  ##    ##  ##       ##     ## ##     ##       ## ##
     ##       #### ##     ## ######## ########  ##     ##  ######  ########

You're about to initialize a Firebase project in this directory:

  C:\Users\Ayush Kashyap\Desktop\portfolio

Before we get started, keep in mind:

  * You are initializing within an existing Firebase project directory

[info] 
=== Project Setup
[info] 
[info] First, let's associate this project directory with a Firebase project.
[info] You can create multiple project aliases by running firebase use --add, 
[info] but for now we'll just set up a default project.
[info] 
[debug] [2023-02-01T10:15:09.924Z] Using project from CLI flag: suniltechtips-ec3bb
[debug] [2023-02-01T10:15:09.929Z] >>> [apiv2][query] GET https://firebase.googleapis.com/v1beta1/projects/suniltechtips-ec3bb [none]
[debug] [2023-02-01T10:15:10.776Z] <<< [apiv2][status] GET https://firebase.googleapis.com/v1beta1/projects/suniltechtips-ec3bb 403
[debug] [2023-02-01T10:15:10.776Z] <<< [apiv2][body] GET https://firebase.googleapis.com/v1beta1/projects/suniltechtips-ec3bb {"error":{"code":403,"message":"The caller does not have permission","status":"PERMISSION_DENIED"}}
[debug] [2023-02-01T10:15:10.778Z] HTTP Error: 403, The caller does not have permission
[debug] [2023-02-01T10:15:11.033Z] FirebaseError: HTTP Error: 403, The caller does not have permission
    at responseToError (C:\Users\Ayush Kashyap\AppData\Roaming\npm\node_modules\firebase-tools\lib\responseToError.js:49:12)
    at RetryOperation._fn (C:\Users\Ayush Kashyap\AppData\Roaming\npm\node_modules\firebase-tools\lib\apiv2.js:288:77)
    at process.processTicksAndRejections (node:internal/process/task_queues:95:5)
[error] 
[error] Error: Failed to get Firebase project suniltechtips-ec3bb. Please make sure the project exists and your account has permission to access it.
